Build output check failed:
    Regex: 'warning D9002'
    Output line: 'cl : 命令列 warning D9002: 忽略未知的選項 '-fsigned-char' [F:\opencv\opencv-2.4.13.2\build\CMakeFiles\CMakeTmp\cmTC_6ffaa.vcxproj]'
Compilation failed:
    source file: 'F:/opencv/opencv-2.4.13.2/build/CMakeFiles/CMakeTmp/src.cxx'
    check option: '  -fsigned-char'
===== BUILD LOG =====
Change Dir: F:/opencv/opencv-2.4.13.2/build/CMakeFiles/CMakeTmp

Run Build Command:"C:/Windows/Microsoft.NET/Framework/v4.0.30319/MSBuild.exe" "cmTC_6ffaa.vcxproj" "/p:Configuration=Debug" "/p:VisualStudioVersion=10.0"
Microsoft (R) Build Engine 版本 4.6.1055.0
[Microsoft .NET Framework，版本 4.0.30319.42000]
Copyright (C) Microsoft Corporation. 著作權所有，並保留一切權利。

已經開始建置於 2017/7/17 下午 09:33:28。
節點 1 (預設目標) 上的專案 "F:\opencv\opencv-2.4.13.2\build\CMakeFiles\CMakeTmp\cmTC_6ffaa.vcxproj"。
PrepareForBuild:
  正在建立目錄 "cmTC_6ffaa.dir\Debug\"。
  正在建立目錄 "F:\opencv\opencv-2.4.13.2\build\CMakeFiles\CMakeTmp\Debug\"。
InitializeBuildStatus:
  由於指定了 "AlwaysCreate"，因此正在建立 "cmTC_6ffaa.dir\Debug\cmTC_6ffaa.unsuccessfulbuild"。
ClCompile:
  C:\Program Files (x86)\Microsoft Visual Studio 10.0\VC\bin\x86_amd64\CL.exe /c /Zi /W3 /WX- /Od /Ob0 /D WIN32 /D _WINDOWS /D "CMAKE_INTDIR=\"Debug\"" /D _MBCS /Gm- /EHa /RTC1 /MDd /GS /fp:precise /Zc:wchar_t /Zc:forScope /GR /Fo"cmTC_6ffaa.dir\Debug\\" /Fd"cmTC_6ffaa.dir\Debug\vc100.pdb" /Gd /TP /errorReport:queue src.cxx  -fsigned-char
  Microsoft (R) C/C++ Optimizing Compiler Version 16.00.40219.01 for x64
  Copyright (C) Microsoft Corporation.  All rights reserved.
  
  cl /c /Zi /W3 /WX- /Od /Ob0 /D WIN32 /D _WINDOWS /D "CMAKE_INTDIR=\"Debug\"" /D _MBCS /Gm- /EHa /RTC1 /MDd /GS /fp:precise /Zc:wchar_t /Zc:forScope /GR /Fo"cmTC_6ffaa.dir\Debug\\" /Fd"cmTC_6ffaa.dir\Debug\vc100.pdb" /Gd /TP /errorReport:queue src.cxx  -fsigned-char
  
cl : 命令列 warning D9002: 忽略未知的選項 '-fsigned-char' [F:\opencv\opencv-2.4.13.2\build\CMakeFiles\CMakeTmp\cmTC_6ffaa.vcxproj]
  src.cxx
ManifestResourceCompile:
  C:\Program Files (x86)\Microsoft SDKs\Windows\v7.0A\bin\rc.exe /nologo /fo"cmTC_6ffaa.dir\Debug\cmTC_6ffaa.exe.embed.manifest.res" cmTC_6ffaa.dir\Debug\cmTC_6ffaa_manifest.rc 
Link:
  C:\Program Files (x86)\Microsoft Visual Studio 10.0\VC\bin\x86_amd64\link.exe /ERRORREPORT:QUEUE /OUT:"F:\opencv\opencv-2.4.13.2\build\CMakeFiles\CMakeTmp\Debug\cmTC_6ffaa.exe" /INCREMENTAL /NOLOGO kernel32.lib user32.lib gdi32.lib winspool.lib shell32.lib ole32.lib oleaut32.lib uuid.lib comdlg32.lib advapi32.lib /MANIFEST /ManifestFile:"cmTC_6ffaa.dir\Debug\cmTC_6ffaa.exe.intermediate.manifest" /MANIFESTUAC:"level='asInvoker' uiAccess='false'" /DEBUG /PDB:"F:/opencv/opencv-2.4.13.2/build/CMakeFiles/CMakeTmp/Debug/cmTC_6ffaa.pdb" /SUBSYSTEM:CONSOLE /TLBID:1 /DYNAMICBASE /NXCOMPAT /IMPLIB:"F:/opencv/opencv-2.4.13.2/build/CMakeFiles/CMakeTmp/Debug/cmTC_6ffaa.lib" /MACHINE:X64 cmTC_6ffaa.dir\Debug\cmTC_6ffaa.exe.embed.manifest.res
  cmTC_6ffaa.dir\Debug\src.obj  /machine:x64
  cmTC_6ffaa.vcxproj -> F:\opencv\opencv-2.4.13.2\build\CMakeFiles\CMakeTmp\Debug\cmTC_6ffaa.exe
Manifest:
  C:\Program Files (x86)\Microsoft SDKs\Windows\v7.0A\bin\mt.exe /nologo /verbose /out:"cmTC_6ffaa.dir\Debug\cmTC_6ffaa.exe.embed.manifest" /manifest cmTC_6ffaa.dir\Debug\cmTC_6ffaa.exe.intermediate.manifest
  C:\Program Files (x86)\Microsoft SDKs\Windows\v7.0A\bin\rc.exe /nologo /fo"cmTC_6ffaa.dir\Debug\cmTC_6ffaa.exe.embed.manifest.res" cmTC_6ffaa.dir\Debug\cmTC_6ffaa_manifest.rc 
LinkEmbedManifest:
  C:\Program Files (x86)\Microsoft Visual Studio 10.0\VC\bin\x86_amd64\link.exe /ERRORREPORT:QUEUE /OUT:"F:\opencv\opencv-2.4.13.2\build\CMakeFiles\CMakeTmp\Debug\cmTC_6ffaa.exe" /INCREMENTAL /NOLOGO kernel32.lib user32.lib gdi32.lib winspool.lib shell32.lib ole32.lib oleaut32.lib uuid.lib comdlg32.lib advapi32.lib /MANIFEST /ManifestFile:"cmTC_6ffaa.dir\Debug\cmTC_6ffaa.exe.intermediate.manifest" /MANIFESTUAC:"level='asInvoker' uiAccess='false'" /DEBUG /PDB:"F:/opencv/opencv-2.4.13.2/build/CMakeFiles/CMakeTmp/Debug/cmTC_6ffaa.pdb" /SUBSYSTEM:CONSOLE /TLBID:1 /DYNAMICBASE /NXCOMPAT /IMPLIB:"F:/opencv/opencv-2.4.13.2/build/CMakeFiles/CMakeTmp/Debug/cmTC_6ffaa.lib" /MACHINE:X64 cmTC_6ffaa.dir\Debug\cmTC_6ffaa.exe.embed.manifest.res
  cmTC_6ffaa.dir\Debug\src.obj  /machine:x64
  cmTC_6ffaa.vcxproj -> F:\opencv\opencv-2.4.13.2\build\CMakeFiles\CMakeTmp\Debug\cmTC_6ffaa.exe
FinalizeBuildStatus:
  正在刪除檔案 "cmTC_6ffaa.dir\Debug\cmTC_6ffaa.unsuccessfulbuild"。
  正在變更時間戳記 "cmTC_6ffaa.dir\Debug\cmTC_6ffaa.lastbuildstate"。
專案 "F:\opencv\opencv-2.4.13.2\build\CMakeFiles\CMakeTmp\cmTC_6ffaa.vcxproj" (預設目標) 建置完成。

建置成功。

"F:\opencv\opencv-2.4.13.2\build\CMakeFiles\CMakeTmp\cmTC_6ffaa.vcxproj" (預設目標) (1) ->
(ClCompile 目標) -> 
  cl : 命令列 warning D9002: 忽略未知的選項 '-fsigned-char' [F:\opencv\opencv-2.4.13.2\build\CMakeFiles\CMakeTmp\cmTC_6ffaa.vcxproj]

    1 個警告
    0 個錯誤

經過時間 00:00:00.95

===== END =====

Build output check failed:
    Regex: 'warning D9002'
    Output line: 'cl : 命令列 warning D9002: 忽略未知的選項 '-fsigned-char' [F:\opencv\opencv-2.4.13.2\build\CMakeFiles\CMakeTmp\cmTC_ea214.vcxproj]'
Compilation failed:
    source file: 'F:/opencv/opencv-2.4.13.2/build/CMakeFiles/CMakeTmp/src.c'
    check option: '  -fsigned-char'
===== BUILD LOG =====
Change Dir: F:/opencv/opencv-2.4.13.2/build/CMakeFiles/CMakeTmp

Run Build Command:"C:/Windows/Microsoft.NET/Framework/v4.0.30319/MSBuild.exe" "cmTC_ea214.vcxproj" "/p:Configuration=Debug" "/p:VisualStudioVersion=10.0"
Microsoft (R) Build Engine 版本 4.6.1055.0
[Microsoft .NET Framework，版本 4.0.30319.42000]
Copyright (C) Microsoft Corporation. 著作權所有，並保留一切權利。

已經開始建置於 2017/7/17 下午 09:33:29。
節點 1 (預設目標) 上的專案 "F:\opencv\opencv-2.4.13.2\build\CMakeFiles\CMakeTmp\cmTC_ea214.vcxproj"。
PrepareForBuild:
  正在建立目錄 "cmTC_ea214.dir\Debug\"。
  正在建立目錄 "F:\opencv\opencv-2.4.13.2\build\CMakeFiles\CMakeTmp\Debug\"。
InitializeBuildStatus:
  由於指定了 "AlwaysCreate"，因此正在建立 "cmTC_ea214.dir\Debug\cmTC_ea214.unsuccessfulbuild"。
ClCompile:
  C:\Program Files (x86)\Microsoft Visual Studio 10.0\VC\bin\x86_amd64\CL.exe /c /Zi /W3 /WX- /Od /Ob0 /D WIN32 /D _WINDOWS /D "CMAKE_INTDIR=\"Debug\"" /D _MBCS /Gm- /RTC1 /MDd /GS /fp:precise /Zc:wchar_t /Zc:forScope /Fo"cmTC_ea214.dir\Debug\\" /Fd"cmTC_ea214.dir\Debug\vc100.pdb" /Gd /TC /errorReport:queue src.c  -fsigned-char
  Microsoft (R) C/C++ Optimizing Compiler Version 16.00.40219.01 for x64
  Copyright (C) Microsoft Corporation.  All rights reserved.
  
  cl /c /Zi /W3 /WX- /Od /Ob0 /D WIN32 /D _WINDOWS /D "CMAKE_INTDIR=\"Debug\"" /D _MBCS /Gm- /RTC1 /MDd /GS /fp:precise /Zc:wchar_t /Zc:forScope /Fo"cmTC_ea214.dir\Debug\\" /Fd"cmTC_ea214.dir\Debug\vc100.pdb" /Gd /TC /errorReport:queue src.c  -fsigned-char
  
cl : 命令列 warning D9002: 忽略未知的選項 '-fsigned-char' [F:\opencv\opencv-2.4.13.2\build\CMakeFiles\CMakeTmp\cmTC_ea214.vcxproj]
  src.c
ManifestResourceCompile:
  C:\Program Files (x86)\Microsoft SDKs\Windows\v7.0A\bin\rc.exe /nologo /fo"cmTC_ea214.dir\Debug\cmTC_ea214.exe.embed.manifest.res" cmTC_ea214.dir\Debug\cmTC_ea214_manifest.rc 
Link:
  C:\Program Files (x86)\Microsoft Visual Studio 10.0\VC\bin\x86_amd64\link.exe /ERRORREPORT:QUEUE /OUT:"F:\opencv\opencv-2.4.13.2\build\CMakeFiles\CMakeTmp\Debug\cmTC_ea214.exe" /INCREMENTAL /NOLOGO kernel32.lib user32.lib gdi32.lib winspool.lib shell32.lib ole32.lib oleaut32.lib uuid.lib comdlg32.lib advapi32.lib /MANIFEST /ManifestFile:"cmTC_ea214.dir\Debug\cmTC_ea214.exe.intermediate.manifest" /MANIFESTUAC:"level='asInvoker' uiAccess='false'" /DEBUG /PDB:"F:/opencv/opencv-2.4.13.2/build/CMakeFiles/CMakeTmp/Debug/cmTC_ea214.pdb" /SUBSYSTEM:CONSOLE /TLBID:1 /DYNAMICBASE /NXCOMPAT /IMPLIB:"F:/opencv/opencv-2.4.13.2/build/CMakeFiles/CMakeTmp/Debug/cmTC_ea214.lib" /MACHINE:X64 cmTC_ea214.dir\Debug\cmTC_ea214.exe.embed.manifest.res
  cmTC_ea214.dir\Debug\src.obj  /machine:x64
  cmTC_ea214.vcxproj -> F:\opencv\opencv-2.4.13.2\build\CMakeFiles\CMakeTmp\Debug\cmTC_ea214.exe
Manifest:
  C:\Program Files (x86)\Microsoft SDKs\Windows\v7.0A\bin\mt.exe /nologo /verbose /out:"cmTC_ea214.dir\Debug\cmTC_ea214.exe.embed.manifest" /manifest cmTC_ea214.dir\Debug\cmTC_ea214.exe.intermediate.manifest
  C:\Program Files (x86)\Microsoft SDKs\Windows\v7.0A\bin\rc.exe /nologo /fo"cmTC_ea214.dir\Debug\cmTC_ea214.exe.embed.manifest.res" cmTC_ea214.dir\Debug\cmTC_ea214_manifest.rc 
LinkEmbedManifest:
  C:\Program Files (x86)\Microsoft Visual Studio 10.0\VC\bin\x86_amd64\link.exe /ERRORREPORT:QUEUE /OUT:"F:\opencv\opencv-2.4.13.2\build\CMakeFiles\CMakeTmp\Debug\cmTC_ea214.exe" /INCREMENTAL /NOLOGO kernel32.lib user32.lib gdi32.lib winspool.lib shell32.lib ole32.lib oleaut32.lib uuid.lib comdlg32.lib advapi32.lib /MANIFEST /ManifestFile:"cmTC_ea214.dir\Debug\cmTC_ea214.exe.intermediate.manifest" /MANIFESTUAC:"level='asInvoker' uiAccess='false'" /DEBUG /PDB:"F:/opencv/opencv-2.4.13.2/build/CMakeFiles/CMakeTmp/Debug/cmTC_ea214.pdb" /SUBSYSTEM:CONSOLE /TLBID:1 /DYNAMICBASE /NXCOMPAT /IMPLIB:"F:/opencv/opencv-2.4.13.2/build/CMakeFiles/CMakeTmp/Debug/cmTC_ea214.lib" /MACHINE:X64 cmTC_ea214.dir\Debug\cmTC_ea214.exe.embed.manifest.res
  cmTC_ea214.dir\Debug\src.obj  /machine:x64
  cmTC_ea214.vcxproj -> F:\opencv\opencv-2.4.13.2\build\CMakeFiles\CMakeTmp\Debug\cmTC_ea214.exe
FinalizeBuildStatus:
  正在刪除檔案 "cmTC_ea214.dir\Debug\cmTC_ea214.unsuccessfulbuild"。
  正在變更時間戳記 "cmTC_ea214.dir\Debug\cmTC_ea214.lastbuildstate"。
專案 "F:\opencv\opencv-2.4.13.2\build\CMakeFiles\CMakeTmp\cmTC_ea214.vcxproj" (預設目標) 建置完成。

建置成功。

"F:\opencv\opencv-2.4.13.2\build\CMakeFiles\CMakeTmp\cmTC_ea214.vcxproj" (預設目標) (1) ->
(ClCompile 目標) -> 
  cl : 命令列 warning D9002: 忽略未知的選項 '-fsigned-char' [F:\opencv\opencv-2.4.13.2\build\CMakeFiles\CMakeTmp\cmTC_ea214.vcxproj]

    1 個警告
    0 個錯誤

經過時間 00:00:00.96

===== END =====

Determining if the function fseeko exists failed with the following output:
Change Dir: F:/opencv/opencv-2.4.13.2/build/CMakeFiles/CMakeTmp

Run Build Command:"C:/Windows/Microsoft.NET/Framework/v4.0.30319/MSBuild.exe" "cmTC_ae83c.vcxproj" "/p:Configuration=Debug" "/p:VisualStudioVersion=10.0"
Microsoft (R) Build Engine 版本 4.6.1055.0
[Microsoft .NET Framework，版本 4.0.30319.42000]
Copyright (C) Microsoft Corporation. 著作權所有，並保留一切權利。

已經開始建置於 2017/7/17 下午 09:33:37。
節點 1 (預設目標) 上的專案 "F:\opencv\opencv-2.4.13.2\build\CMakeFiles\CMakeTmp\cmTC_ae83c.vcxproj"。
PrepareForBuild:
  正在建立目錄 "cmTC_ae83c.dir\Debug\"。
  正在建立目錄 "F:\opencv\opencv-2.4.13.2\build\CMakeFiles\CMakeTmp\Debug\"。
InitializeBuildStatus:
  由於指定了 "AlwaysCreate"，因此正在建立 "cmTC_ae83c.dir\Debug\cmTC_ae83c.unsuccessfulbuild"。
ClCompile:
  C:\Program Files (x86)\Microsoft Visual Studio 10.0\VC\bin\x86_amd64\CL.exe /c /Zi /W3 /WX- /MP8 /Od /Ob0 /Oi /D WIN32 /D _WINDOWS /D _CRT_SECURE_NO_DEPRECATE /D _CRT_NONSTDC_NO_DEPRECATE /D _SCL_SECURE_NO_WARNINGS /D CHECK_FUNCTION_EXISTS=fseeko /D "CMAKE_INTDIR=\"Debug\"" /D _MBCS /Gm- /RTC1 /MDd /GS /Gy /fp:precise /Zc:wchar_t /Zc:forScope /Fo"cmTC_ae83c.dir\Debug\\" /Fd"cmTC_ae83c.dir\Debug\vc100.pdb" /Gd /TC /errorReport:queue "..\..\..\..\cmake-3.9.0-rc6-win64-x64\share\cmake-3.9\Modules\CheckFunctionExists.c"  /bigobj
  Microsoft (R) C/C++ Optimizing Compiler Version 16.00.40219.01 for x64
  Copyright (C) Microsoft Corporation.  All rights reserved.
  
  cl /c /Zi /W3 /WX- /MP8 /Od /Ob0 /Oi /D WIN32 /D _WINDOWS /D _CRT_SECURE_NO_DEPRECATE /D _CRT_NONSTDC_NO_DEPRECATE /D _SCL_SECURE_NO_WARNINGS /D CHECK_FUNCTION_EXISTS=fseeko /D "CMAKE_INTDIR=\"Debug\"" /D _MBCS /Gm- /RTC1 /MDd /GS /Gy /fp:precise /Zc:wchar_t /Zc:forScope /Fo"cmTC_ae83c.dir\Debug\\" /Fd"cmTC_ae83c.dir\Debug\vc100.pdb" /Gd /TC /errorReport:queue "..\..\..\..\cmake-3.9.0-rc6-win64-x64\share\cmake-3.9\Modules\CheckFunctionExists.c"  /bigobj
  
  CheckFunctionExists.c
ManifestResourceCompile:
  C:\Program Files (x86)\Microsoft SDKs\Windows\v7.0A\bin\rc.exe /nologo /fo"cmTC_ae83c.dir\Debug\cmTC_ae83c.exe.embed.manifest.res" cmTC_ae83c.dir\Debug\cmTC_ae83c_manifest.rc 
Link:
  C:\Program Files (x86)\Microsoft Visual Studio 10.0\VC\bin\x86_amd64\link.exe /ERRORREPORT:QUEUE /OUT:"F:\opencv\opencv-2.4.13.2\build\CMakeFiles\CMakeTmp\Debug\cmTC_ae83c.exe" /INCREMENTAL /NOLOGO kernel32.lib user32.lib gdi32.lib winspool.lib shell32.lib ole32.lib oleaut32.lib uuid.lib comdlg32.lib advapi32.lib /MANIFEST /ManifestFile:"cmTC_ae83c.dir\Debug\cmTC_ae83c.exe.intermediate.manifest" /MANIFESTUAC:"level='asInvoker' uiAccess='false'" /DEBUG /PDB:"F:/opencv/opencv-2.4.13.2/build/CMakeFiles/CMakeTmp/Debug/cmTC_ae83c.pdb" /SUBSYSTEM:CONSOLE /TLBID:1 /DYNAMICBASE /NXCOMPAT /IMPLIB:"F:/opencv/opencv-2.4.13.2/build/CMakeFiles/CMakeTmp/Debug/cmTC_ae83c.lib" /MACHINE:X64 cmTC_ae83c.dir\Debug\cmTC_ae83c.exe.embed.manifest.res
  cmTC_ae83c.dir\Debug\CheckFunctionExists.obj  /machine:x64
CheckFunctionExists.obj : error LNK2019: 無法解析的外部符號 fseeko 在函式 main 中被參考 [F:\opencv\opencv-2.4.13.2\build\CMakeFiles\CMakeTmp\cmTC_ae83c.vcxproj]
F:\opencv\opencv-2.4.13.2\build\CMakeFiles\CMakeTmp\Debug\cmTC_ae83c.exe : fatal error LNK1120: 1 個無法解析的外部符號 [F:\opencv\opencv-2.4.13.2\build\CMakeFiles\CMakeTmp\cmTC_ae83c.vcxproj]
專案 "F:\opencv\opencv-2.4.13.2\build\CMakeFiles\CMakeTmp\cmTC_ae83c.vcxproj" (預設目標) 建置完成 -- 失敗。

建置失敗。

"F:\opencv\opencv-2.4.13.2\build\CMakeFiles\CMakeTmp\cmTC_ae83c.vcxproj" (預設目標) (1) ->
(Link 目標) -> 
  CheckFunctionExists.obj : error LNK2019: 無法解析的外部符號 fseeko 在函式 main 中被參考 [F:\opencv\opencv-2.4.13.2\build\CMakeFiles\CMakeTmp\cmTC_ae83c.vcxproj]
  F:\opencv\opencv-2.4.13.2\build\CMakeFiles\CMakeTmp\Debug\cmTC_ae83c.exe : fatal error LNK1120: 1 個無法解析的外部符號 [F:\opencv\opencv-2.4.13.2\build\CMakeFiles\CMakeTmp\cmTC_ae83c.vcxproj]

    0 個警告
    2 個錯誤

經過時間 00:00:00.66


Determining if the include file unistd.h exists failed with the following output:
Change Dir: F:/opencv/opencv-2.4.13.2/build/CMakeFiles/CMakeTmp

Run Build Command:"C:/Windows/Microsoft.NET/Framework/v4.0.30319/MSBuild.exe" "cmTC_c5325.vcxproj" "/p:Configuration=Debug" "/p:VisualStudioVersion=10.0"
Microsoft (R) Build Engine 版本 4.6.1055.0
[Microsoft .NET Framework，版本 4.0.30319.42000]
Copyright (C) Microsoft Corporation. 著作權所有，並保留一切權利。

已經開始建置於 2017/7/17 下午 09:33:38。
節點 1 (預設目標) 上的專案 "F:\opencv\opencv-2.4.13.2\build\CMakeFiles\CMakeTmp\cmTC_c5325.vcxproj"。
PrepareForBuild:
  正在建立目錄 "cmTC_c5325.dir\Debug\"。
  正在建立目錄 "F:\opencv\opencv-2.4.13.2\build\CMakeFiles\CMakeTmp\Debug\"。
InitializeBuildStatus:
  由於指定了 "AlwaysCreate"，因此正在建立 "cmTC_c5325.dir\Debug\cmTC_c5325.unsuccessfulbuild"。
ClCompile:
  C:\Program Files (x86)\Microsoft Visual Studio 10.0\VC\bin\x86_amd64\CL.exe /c /Zi /W3 /WX- /MP8 /Od /Ob0 /Oi /D WIN32 /D _WINDOWS /D _CRT_SECURE_NO_DEPRECATE /D _CRT_NONSTDC_NO_DEPRECATE /D _SCL_SECURE_NO_WARNINGS /D "CMAKE_INTDIR=\"Debug\"" /D _MBCS /Gm- /RTC1 /MDd /GS /Gy /fp:precise /Zc:wchar_t /Zc:forScope /Fo"cmTC_c5325.dir\Debug\\" /Fd"cmTC_c5325.dir\Debug\vc100.pdb" /Gd /TC /errorReport:queue CheckIncludeFile.c  /bigobj
  Microsoft (R) C/C++ Optimizing Compiler Version 16.00.40219.01 for x64
  Copyright (C) Microsoft Corporation.  All rights reserved.
  
  cl /c /Zi /W3 /WX- /MP8 /Od /Ob0 /Oi /D WIN32 /D _WINDOWS /D _CRT_SECURE_NO_DEPRECATE /D _CRT_NONSTDC_NO_DEPRECATE /D _SCL_SECURE_NO_WARNINGS /D "CMAKE_INTDIR=\"Debug\"" /D _MBCS /Gm- /RTC1 /MDd /GS /Gy /fp:precise /Zc:wchar_t /Zc:forScope /Fo"cmTC_c5325.dir\Debug\\" /Fd"cmTC_c5325.dir\Debug\vc100.pdb" /Gd /TC /errorReport:queue CheckIncludeFile.c  /bigobj
  
  CheckIncludeFile.c
CheckIncludeFile.c(1): fatal error C1083: 無法開啟包含檔案: 'unistd.h': No such file or directory [F:\opencv\opencv-2.4.13.2\build\CMakeFiles\CMakeTmp\cmTC_c5325.vcxproj]
專案 "F:\opencv\opencv-2.4.13.2\build\CMakeFiles\CMakeTmp\cmTC_c5325.vcxproj" (預設目標) 建置完成 -- 失敗。

建置失敗。

"F:\opencv\opencv-2.4.13.2\build\CMakeFiles\CMakeTmp\cmTC_c5325.vcxproj" (預設目標) (1) ->
(ClCompile 目標) -> 
  CheckIncludeFile.c(1): fatal error C1083: 無法開啟包含檔案: 'unistd.h': No such file or directory [F:\opencv\opencv-2.4.13.2\build\CMakeFiles\CMakeTmp\cmTC_c5325.vcxproj]

    0 個警告
    1 個錯誤

經過時間 00:00:00.54


Determining size of off64_t failed with the following output:
Change Dir: F:/opencv/opencv-2.4.13.2/build/CMakeFiles/CMakeTmp

Run Build Command:"C:/Windows/Microsoft.NET/Framework/v4.0.30319/MSBuild.exe" "cmTC_960d3.vcxproj" "/p:Configuration=Debug" "/p:VisualStudioVersion=10.0"
Microsoft (R) Build Engine 版本 4.6.1055.0
[Microsoft .NET Framework，版本 4.0.30319.42000]
Copyright (C) Microsoft Corporation. 著作權所有，並保留一切權利。

已經開始建置於 2017/7/17 下午 09:33:39。
節點 1 (預設目標) 上的專案 "F:\opencv\opencv-2.4.13.2\build\CMakeFiles\CMakeTmp\cmTC_960d3.vcxproj"。
PrepareForBuild:
  正在建立目錄 "cmTC_960d3.dir\Debug\"。
  正在建立目錄 "F:\opencv\opencv-2.4.13.2\build\CMakeFiles\CMakeTmp\Debug\"。
InitializeBuildStatus:
  由於指定了 "AlwaysCreate"，因此正在建立 "cmTC_960d3.dir\Debug\cmTC_960d3.unsuccessfulbuild"。
ClCompile:
  C:\Program Files (x86)\Microsoft Visual Studio 10.0\VC\bin\x86_amd64\CL.exe /c /Zi /W3 /WX- /MP8 /Od /Ob0 /Oi /D WIN32 /D _WINDOWS /D _CRT_SECURE_NO_DEPRECATE /D _CRT_NONSTDC_NO_DEPRECATE /D _SCL_SECURE_NO_WARNINGS /D "CMAKE_INTDIR=\"Debug\"" /D _MBCS /Gm- /RTC1 /MDd /GS /Gy /fp:precise /Zc:wchar_t /Zc:forScope /Fo"cmTC_960d3.dir\Debug\\" /Fd"cmTC_960d3.dir\Debug\vc100.pdb" /Gd /TC /errorReport:queue ..\CheckTypeSize\OFF64_T.c  /bigobj
  Microsoft (R) C/C++ Optimizing Compiler Version 16.00.40219.01 for x64
  Copyright (C) Microsoft Corporation.  All rights reserved.
  
  cl /c /Zi /W3 /WX- /MP8 /Od /Ob0 /Oi /D WIN32 /D _WINDOWS /D _CRT_SECURE_NO_DEPRECATE /D _CRT_NONSTDC_NO_DEPRECATE /D _SCL_SECURE_NO_WARNINGS /D "CMAKE_INTDIR=\"Debug\"" /D _MBCS /Gm- /RTC1 /MDd /GS /Gy /fp:precise /Zc:wchar_t /Zc:forScope /Fo"cmTC_960d3.dir\Debug\\" /Fd"cmTC_960d3.dir\Debug\vc100.pdb" /Gd /TC /errorReport:queue ..\CheckTypeSize\OFF64_T.c  /bigobj
  OFF64_T.c
  
..\CheckTypeSize\OFF64_T.c(19): error C2065: 'off64_t' : 未宣告的識別項 [F:\opencv\opencv-2.4.13.2\build\CMakeFiles\CMakeTmp\cmTC_960d3.vcxproj]
..\CheckTypeSize\OFF64_T.c(20): error C2065: 'off64_t' : 未宣告的識別項 [F:\opencv\opencv-2.4.13.2\build\CMakeFiles\CMakeTmp\cmTC_960d3.vcxproj]
..\CheckTypeSize\OFF64_T.c(21): error C2065: 'off64_t' : 未宣告的識別項 [F:\opencv\opencv-2.4.13.2\build\CMakeFiles\CMakeTmp\cmTC_960d3.vcxproj]
..\CheckTypeSize\OFF64_T.c(22): error C2065: 'off64_t' : 未宣告的識別項 [F:\opencv\opencv-2.4.13.2\build\CMakeFiles\CMakeTmp\cmTC_960d3.vcxproj]
..\CheckTypeSize\OFF64_T.c(23): error C2065: 'off64_t' : 未宣告的識別項 [F:\opencv\opencv-2.4.13.2\build\CMakeFiles\CMakeTmp\cmTC_960d3.vcxproj]
專案 "F:\opencv\opencv-2.4.13.2\build\CMakeFiles\CMakeTmp\cmTC_960d3.vcxproj" (預設目標) 建置完成 -- 失敗。

建置失敗。

"F:\opencv\opencv-2.4.13.2\build\CMakeFiles\CMakeTmp\cmTC_960d3.vcxproj" (預設目標) (1) ->
(ClCompile 目標) -> 
  ..\CheckTypeSize\OFF64_T.c(19): error C2065: 'off64_t' : 未宣告的識別項 [F:\opencv\opencv-2.4.13.2\build\CMakeFiles\CMakeTmp\cmTC_960d3.vcxproj]
  ..\CheckTypeSize\OFF64_T.c(20): error C2065: 'off64_t' : 未宣告的識別項 [F:\opencv\opencv-2.4.13.2\build\CMakeFiles\CMakeTmp\cmTC_960d3.vcxproj]
  ..\CheckTypeSize\OFF64_T.c(21): error C2065: 'off64_t' : 未宣告的識別項 [F:\opencv\opencv-2.4.13.2\build\CMakeFiles\CMakeTmp\cmTC_960d3.vcxproj]
  ..\CheckTypeSize\OFF64_T.c(22): error C2065: 'off64_t' : 未宣告的識別項 [F:\opencv\opencv-2.4.13.2\build\CMakeFiles\CMakeTmp\cmTC_960d3.vcxproj]
  ..\CheckTypeSize\OFF64_T.c(23): error C2065: 'off64_t' : 未宣告的識別項 [F:\opencv\opencv-2.4.13.2\build\CMakeFiles\CMakeTmp\cmTC_960d3.vcxproj]

    0 個警告
    5 個錯誤

經過時間 00:00:00.55

F:/opencv/opencv-2.4.13.2/build/CMakeFiles/CheckTypeSize/OFF64_T.c:
#include <sys/types.h>
#include <stdint.h>
#include <stddef.h>


#undef KEY
#if defined(__i386)
# define KEY '_','_','i','3','8','6'
#elif defined(__x86_64)
# define KEY '_','_','x','8','6','_','6','4'
#elif defined(__ppc__)
# define KEY '_','_','p','p','c','_','_'
#elif defined(__ppc64__)
# define KEY '_','_','p','p','c','6','4','_','_'
#endif

#define SIZE (sizeof(off64_t))
char info_size[] =  {'I', 'N', 'F', 'O', ':', 's','i','z','e','[',
  ('0' + ((SIZE / 10000)%10)),
  ('0' + ((SIZE / 1000)%10)),
  ('0' + ((SIZE / 100)%10)),
  ('0' + ((SIZE / 10)%10)),
  ('0' +  (SIZE    % 10)),
  ']',
#ifdef KEY
  ' ','k','e','y','[', KEY, ']',
#endif
  '\0'};

#ifdef __CLASSIC_C__
int main(argc, argv) int argc; char *argv[];
#else
int main(int argc, char *argv[])
#endif
{
  int require = 0;
  require += info_size[argc];
  (void)argv;
  return require;
}


Determining if the function jbg_newlen exists failed with the following output:
Change Dir: F:/opencv/opencv-2.4.13.2/build/CMakeFiles/CMakeTmp

Run Build Command:"C:/Windows/Microsoft.NET/Framework/v4.0.30319/MSBuild.exe" "cmTC_74c0c.vcxproj" "/p:Configuration=Debug" "/p:VisualStudioVersion=10.0"
Microsoft (R) Build Engine 版本 4.6.1055.0
[Microsoft .NET Framework，版本 4.0.30319.42000]
Copyright (C) Microsoft Corporation. 著作權所有，並保留一切權利。

已經開始建置於 2017/7/17 下午 09:33:43。
節點 1 (預設目標) 上的專案 "F:\opencv\opencv-2.4.13.2\build\CMakeFiles\CMakeTmp\cmTC_74c0c.vcxproj"。
PrepareForBuild:
  正在建立目錄 "cmTC_74c0c.dir\Debug\"。
  正在建立目錄 "F:\opencv\opencv-2.4.13.2\build\CMakeFiles\CMakeTmp\Debug\"。
InitializeBuildStatus:
  由於指定了 "AlwaysCreate"，因此正在建立 "cmTC_74c0c.dir\Debug\cmTC_74c0c.unsuccessfulbuild"。
ClCompile:
  C:\Program Files (x86)\Microsoft Visual Studio 10.0\VC\bin\x86_amd64\CL.exe /c /Zi /W3 /WX- /MP8 /Od /Ob0 /Oi /D WIN32 /D _WINDOWS /D _CRT_SECURE_NO_DEPRECATE /D _CRT_NONSTDC_NO_DEPRECATE /D _SCL_SECURE_NO_WARNINGS /D CHECK_FUNCTION_EXISTS=jbg_newlen /D "CMAKE_INTDIR=\"Debug\"" /D _MBCS /Gm- /RTC1 /MDd /GS /Gy /fp:precise /Zc:wchar_t /Zc:forScope /Fo"cmTC_74c0c.dir\Debug\\" /Fd"cmTC_74c0c.dir\Debug\vc100.pdb" /Gd /TC /errorReport:queue "..\..\..\..\cmake-3.9.0-rc6-win64-x64\share\cmake-3.9\Modules\CheckFunctionExists.c"  /bigobj
  Microsoft (R) C/C++ Optimizing Compiler Version 16.00.40219.01 for x64
  Copyright (C) Microsoft Corporation.  All rights reserved.
  
  cl /c /Zi /W3 /WX- /MP8 /Od /Ob0 /Oi /D WIN32 /D _WINDOWS /D _CRT_SECURE_NO_DEPRECATE /D _CRT_NONSTDC_NO_DEPRECATE /D _SCL_SECURE_NO_WARNINGS /D CHECK_FUNCTION_EXISTS=jbg_newlen /D "CMAKE_INTDIR=\"Debug\"" /D _MBCS /Gm- /RTC1 /MDd /GS /Gy /fp:precise /Zc:wchar_t /Zc:forScope /Fo"cmTC_74c0c.dir\Debug\\" /Fd"cmTC_74c0c.dir\Debug\vc100.pdb" /Gd /TC /errorReport:queue "..\..\..\..\cmake-3.9.0-rc6-win64-x64\share\cmake-3.9\Modules\CheckFunctionExists.c"  /bigobj
  
  CheckFunctionExists.c
ManifestResourceCompile:
  C:\Program Files (x86)\Microsoft SDKs\Windows\v7.0A\bin\rc.exe /nologo /fo"cmTC_74c0c.dir\Debug\cmTC_74c0c.exe.embed.manifest.res" cmTC_74c0c.dir\Debug\cmTC_74c0c_manifest.rc 
Link:
  C:\Program Files (x86)\Microsoft Visual Studio 10.0\VC\bin\x86_amd64\link.exe /ERRORREPORT:QUEUE /OUT:"F:\opencv\opencv-2.4.13.2\build\CMakeFiles\CMakeTmp\Debug\cmTC_74c0c.exe" /INCREMENTAL /NOLOGO kernel32.lib user32.lib gdi32.lib winspool.lib shell32.lib ole32.lib oleaut32.lib uuid.lib comdlg32.lib advapi32.lib /MANIFEST /ManifestFile:"cmTC_74c0c.dir\Debug\cmTC_74c0c.exe.intermediate.manifest" /MANIFESTUAC:"level='asInvoker' uiAccess='false'" /DEBUG /PDB:"F:/opencv/opencv-2.4.13.2/build/CMakeFiles/CMakeTmp/Debug/cmTC_74c0c.pdb" /SUBSYSTEM:CONSOLE /TLBID:1 /DYNAMICBASE /NXCOMPAT /IMPLIB:"F:/opencv/opencv-2.4.13.2/build/CMakeFiles/CMakeTmp/Debug/cmTC_74c0c.lib" /MACHINE:X64 cmTC_74c0c.dir\Debug\cmTC_74c0c.exe.embed.manifest.res
  cmTC_74c0c.dir\Debug\CheckFunctionExists.obj  /machine:x64
CheckFunctionExists.obj : error LNK2019: 無法解析的外部符號 jbg_newlen 在函式 main 中被參考 [F:\opencv\opencv-2.4.13.2\build\CMakeFiles\CMakeTmp\cmTC_74c0c.vcxproj]
F:\opencv\opencv-2.4.13.2\build\CMakeFiles\CMakeTmp\Debug\cmTC_74c0c.exe : fatal error LNK1120: 1 個無法解析的外部符號 [F:\opencv\opencv-2.4.13.2\build\CMakeFiles\CMakeTmp\cmTC_74c0c.vcxproj]
專案 "F:\opencv\opencv-2.4.13.2\build\CMakeFiles\CMakeTmp\cmTC_74c0c.vcxproj" (預設目標) 建置完成 -- 失敗。

建置失敗。

"F:\opencv\opencv-2.4.13.2\build\CMakeFiles\CMakeTmp\cmTC_74c0c.vcxproj" (預設目標) (1) ->
(Link 目標) -> 
  CheckFunctionExists.obj : error LNK2019: 無法解析的外部符號 jbg_newlen 在函式 main 中被參考 [F:\opencv\opencv-2.4.13.2\build\CMakeFiles\CMakeTmp\cmTC_74c0c.vcxproj]
  F:\opencv\opencv-2.4.13.2\build\CMakeFiles\CMakeTmp\Debug\cmTC_74c0c.exe : fatal error LNK1120: 1 個無法解析的外部符號 [F:\opencv\opencv-2.4.13.2\build\CMakeFiles\CMakeTmp\cmTC_74c0c.vcxproj]

    0 個警告
    2 個錯誤

經過時間 00:00:00.66


Determining if the function mmap exists failed with the following output:
Change Dir: F:/opencv/opencv-2.4.13.2/build/CMakeFiles/CMakeTmp

Run Build Command:"C:/Windows/Microsoft.NET/Framework/v4.0.30319/MSBuild.exe" "cmTC_44854.vcxproj" "/p:Configuration=Debug" "/p:VisualStudioVersion=10.0"
Microsoft (R) Build Engine 版本 4.6.1055.0
[Microsoft .NET Framework，版本 4.0.30319.42000]
Copyright (C) Microsoft Corporation. 著作權所有，並保留一切權利。

已經開始建置於 2017/7/17 下午 09:33:44。
節點 1 (預設目標) 上的專案 "F:\opencv\opencv-2.4.13.2\build\CMakeFiles\CMakeTmp\cmTC_44854.vcxproj"。
PrepareForBuild:
  正在建立目錄 "cmTC_44854.dir\Debug\"。
  正在建立目錄 "F:\opencv\opencv-2.4.13.2\build\CMakeFiles\CMakeTmp\Debug\"。
InitializeBuildStatus:
  由於指定了 "AlwaysCreate"，因此正在建立 "cmTC_44854.dir\Debug\cmTC_44854.unsuccessfulbuild"。
ClCompile:
  C:\Program Files (x86)\Microsoft Visual Studio 10.0\VC\bin\x86_amd64\CL.exe /c /Zi /W3 /WX- /MP8 /Od /Ob0 /Oi /D WIN32 /D _WINDOWS /D _CRT_SECURE_NO_DEPRECATE /D _CRT_NONSTDC_NO_DEPRECATE /D _SCL_SECURE_NO_WARNINGS /D CHECK_FUNCTION_EXISTS=mmap /D "CMAKE_INTDIR=\"Debug\"" /D _MBCS /Gm- /RTC1 /MDd /GS /Gy /fp:precise /Zc:wchar_t /Zc:forScope /Fo"cmTC_44854.dir\Debug\\" /Fd"cmTC_44854.dir\Debug\vc100.pdb" /Gd /TC /errorReport:queue "..\..\..\..\cmake-3.9.0-rc6-win64-x64\share\cmake-3.9\Modules\CheckFunctionExists.c"  /bigobj
  Microsoft (R) C/C++ Optimizing Compiler Version 16.00.40219.01 for x64
  Copyright (C) Microsoft Corporation.  All rights reserved.
  
  cl /c /Zi /W3 /WX- /MP8 /Od /Ob0 /Oi /D WIN32 /D _WINDOWS /D _CRT_SECURE_NO_DEPRECATE /D _CRT_NONSTDC_NO_DEPRECATE /D _SCL_SECURE_NO_WARNINGS /D CHECK_FUNCTION_EXISTS=mmap /D "CMAKE_INTDIR=\"Debug\"" /D _MBCS /Gm- /RTC1 /MDd /GS /Gy /fp:precise /Zc:wchar_t /Zc:forScope /Fo"cmTC_44854.dir\Debug\\" /Fd"cmTC_44854.dir\Debug\vc100.pdb" /Gd /TC /errorReport:queue "..\..\..\..\cmake-3.9.0-rc6-win64-x64\share\cmake-3.9\Modules\CheckFunctionExists.c"  /bigobj
  CheckFunctionExists.c
  
ManifestResourceCompile:
  C:\Program Files (x86)\Microsoft SDKs\Windows\v7.0A\bin\rc.exe /nologo /fo"cmTC_44854.dir\Debug\cmTC_44854.exe.embed.manifest.res" cmTC_44854.dir\Debug\cmTC_44854_manifest.rc 
Link:
  C:\Program Files (x86)\Microsoft Visual Studio 10.0\VC\bin\x86_amd64\link.exe /ERRORREPORT:QUEUE /OUT:"F:\opencv\opencv-2.4.13.2\build\CMakeFiles\CMakeTmp\Debug\cmTC_44854.exe" /INCREMENTAL /NOLOGO kernel32.lib user32.lib gdi32.lib winspool.lib shell32.lib ole32.lib oleaut32.lib uuid.lib comdlg32.lib advapi32.lib /MANIFEST /ManifestFile:"cmTC_44854.dir\Debug\cmTC_44854.exe.intermediate.manifest" /MANIFESTUAC:"level='asInvoker' uiAccess='false'" /DEBUG /PDB:"F:/opencv/opencv-2.4.13.2/build/CMakeFiles/CMakeTmp/Debug/cmTC_44854.pdb" /SUBSYSTEM:CONSOLE /TLBID:1 /DYNAMICBASE /NXCOMPAT /IMPLIB:"F:/opencv/opencv-2.4.13.2/build/CMakeFiles/CMakeTmp/Debug/cmTC_44854.lib" /MACHINE:X64 cmTC_44854.dir\Debug\cmTC_44854.exe.embed.manifest.res
  cmTC_44854.dir\Debug\CheckFunctionExists.obj  /machine:x64
CheckFunctionExists.obj : error LNK2019: 無法解析的外部符號 mmap 在函式 main 中被參考 [F:\opencv\opencv-2.4.13.2\build\CMakeFiles\CMakeTmp\cmTC_44854.vcxproj]
F:\opencv\opencv-2.4.13.2\build\CMakeFiles\CMakeTmp\Debug\cmTC_44854.exe : fatal error LNK1120: 1 個無法解析的外部符號 [F:\opencv\opencv-2.4.13.2\build\CMakeFiles\CMakeTmp\cmTC_44854.vcxproj]
專案 "F:\opencv\opencv-2.4.13.2\build\CMakeFiles\CMakeTmp\cmTC_44854.vcxproj" (預設目標) 建置完成 -- 失敗。

建置失敗。

"F:\opencv\opencv-2.4.13.2\build\CMakeFiles\CMakeTmp\cmTC_44854.vcxproj" (預設目標) (1) ->
(Link 目標) -> 
  CheckFunctionExists.obj : error LNK2019: 無法解析的外部符號 mmap 在函式 main 中被參考 [F:\opencv\opencv-2.4.13.2\build\CMakeFiles\CMakeTmp\cmTC_44854.vcxproj]
  F:\opencv\opencv-2.4.13.2\build\CMakeFiles\CMakeTmp\Debug\cmTC_44854.exe : fatal error LNK1120: 1 個無法解析的外部符號 [F:\opencv\opencv-2.4.13.2\build\CMakeFiles\CMakeTmp\cmTC_44854.vcxproj]

    0 個警告
    2 個錯誤

經過時間 00:00:00.67


Determining if the include file unistd.h exists failed with the following output:
Change Dir: F:/opencv/opencv-2.4.13.2/build/CMakeFiles/CMakeTmp

Run Build Command:"C:/Windows/Microsoft.NET/Framework/v4.0.30319/MSBuild.exe" "cmTC_0400d.vcxproj" "/p:Configuration=Debug" "/p:VisualStudioVersion=10.0"
Microsoft (R) Build Engine 版本 4.6.1055.0
[Microsoft .NET Framework，版本 4.0.30319.42000]
Copyright (C) Microsoft Corporation. 著作權所有，並保留一切權利。

已經開始建置於 2017/7/17 下午 09:33:48。
節點 1 (預設目標) 上的專案 "F:\opencv\opencv-2.4.13.2\build\CMakeFiles\CMakeTmp\cmTC_0400d.vcxproj"。
PrepareForBuild:
  正在建立目錄 "cmTC_0400d.dir\Debug\"。
  正在建立目錄 "F:\opencv\opencv-2.4.13.2\build\CMakeFiles\CMakeTmp\Debug\"。
InitializeBuildStatus:
  由於指定了 "AlwaysCreate"，因此正在建立 "cmTC_0400d.dir\Debug\cmTC_0400d.unsuccessfulbuild"。
ClCompile:
  C:\Program Files (x86)\Microsoft Visual Studio 10.0\VC\bin\x86_amd64\CL.exe /c /Zi /W3 /WX- /MP8 /Od /Ob0 /Oi /D WIN32 /D _WINDOWS /D _CRT_SECURE_NO_DEPRECATE /D _CRT_NONSTDC_NO_DEPRECATE /D _SCL_SECURE_NO_WARNINGS /D "CMAKE_INTDIR=\"Debug\"" /D _MBCS /Gm- /RTC1 /MDd /GS /Gy /fp:precise /Zc:wchar_t /Zc:forScope /Fo"cmTC_0400d.dir\Debug\\" /Fd"cmTC_0400d.dir\Debug\vc100.pdb" /Gd /TC /errorReport:queue CheckIncludeFile.c  /bigobj
  Microsoft (R) C/C++ Optimizing Compiler Version 16.00.40219.01 for x64
  Copyright (C) Microsoft Corporation.  All rights reserved.
  
  cl /c /Zi /W3 /WX- /MP8 /Od /Ob0 /Oi /D WIN32 /D _WINDOWS /D _CRT_SECURE_NO_DEPRECATE /D _CRT_NONSTDC_NO_DEPRECATE /D _SCL_SECURE_NO_WARNINGS /D "CMAKE_INTDIR=\"Debug\"" /D _MBCS /Gm- /RTC1 /MDd /GS /Gy /fp:precise /Zc:wchar_t /Zc:forScope /Fo"cmTC_0400d.dir\Debug\\" /Fd"cmTC_0400d.dir\Debug\vc100.pdb" /Gd /TC /errorReport:queue CheckIncludeFile.c  /bigobj
  
  CheckIncludeFile.c
CheckIncludeFile.c(1): fatal error C1083: 無法開啟包含檔案: 'unistd.h': No such file or directory [F:\opencv\opencv-2.4.13.2\build\CMakeFiles\CMakeTmp\cmTC_0400d.vcxproj]
專案 "F:\opencv\opencv-2.4.13.2\build\CMakeFiles\CMakeTmp\cmTC_0400d.vcxproj" (預設目標) 建置完成 -- 失敗。

建置失敗。

"F:\opencv\opencv-2.4.13.2\build\CMakeFiles\CMakeTmp\cmTC_0400d.vcxproj" (預設目標) (1) ->
(ClCompile 目標) -> 
  CheckIncludeFile.c(1): fatal error C1083: 無法開啟包含檔案: 'unistd.h': No such file or directory [F:\opencv\opencv-2.4.13.2\build\CMakeFiles\CMakeTmp\cmTC_0400d.vcxproj]

    0 個警告
    1 個錯誤

經過時間 00:00:00.54


